<?xml version="1.0" encoding="UTF-8"?>
<testsuite xmlns:xsi="http://www.w3.org/2001/XMLSchema-instance" xsi:noNamespaceSchemaLocation="https://maven.apache.org/surefire/maven-surefire-plugin/xsd/surefire-test-report.xsd" name="com.chess.game.controller.ChessControllerTest" time="0.404" tests="28" errors="0" skipped="0" failures="0">
  <properties>
[...]
</properties>
  <testcase name="yDecreaseAndXFixedCalculateYEqualsOne" classname="com.chess.game.controller.ChessControllerTest" time="0.016"/>
  <testcase name="question1" classname="com.chess.game.controller.ChessControllerTest" time="0.011"/>
  <testcase name="question2" classname="com.chess.game.controller.ChessControllerTest" time="0.007"/>
  <testcase name="checkObstacleReturnFalse" classname="com.chess.game.controller.ChessControllerTest" time="0.001"/>
  <testcase name="xAndYDecreaseCalculate" classname="com.chess.game.controller.ChessControllerTest" time="0.003"/>
  <testcase name="xIncreaseAndYFixedCalculateEqualsN" classname="com.chess.game.controller.ChessControllerTest" time="0.002"/>
  <testcase name="checkObstacleKCoordinateNull" classname="com.chess.game.controller.ChessControllerTest" time="0.001"/>
  <testcase name="validationSuccess" classname="com.chess.game.controller.ChessControllerTest" time="0.003"/>
  <testcase name="xAndYIncreaseCalculateExistKCoordinate" classname="com.chess.game.controller.ChessControllerTest" time="0.002"/>
  <testcase name="xIncreaseAndYDecreaseCalculateEqualsN" classname="com.chess.game.controller.ChessControllerTest" time="0.003"/>
  <testcase name="checkObstacleReturnTrue" classname="com.chess.game.controller.ChessControllerTest" time="0.002"/>
  <testcase name="xAndYDecreaseCalculateXEqualsOne" classname="com.chess.game.controller.ChessControllerTest" time="0.003"/>
  <testcase name="yIncreaseAndXFixedCalculate" classname="com.chess.game.controller.ChessControllerTest" time="0.002"/>
  <testcase name="xDecreaseAndYFixedCalculateXEqualsOne" classname="com.chess.game.controller.ChessControllerTest" time="0.001"/>
  <testcase name="xAndYIncreaseCalculate" classname="com.chess.game.controller.ChessControllerTest" time="0.003"/>
  <testcase name="xIncreaseAndYFixedCalculate" classname="com.chess.game.controller.ChessControllerTest" time="0.003"/>
  <testcase name="xIncreaseAndYDecreaseCalculate" classname="com.chess.game.controller.ChessControllerTest" time="0.003"/>
  <testcase name="question1Error" classname="com.chess.game.controller.ChessControllerTest" time="0.003"/>
  <testcase name="question2Error" classname="com.chess.game.controller.ChessControllerTest" time="0.002"/>
  <testcase name="yIncreaseAndXFixedCalculateYEqualsN" classname="com.chess.game.controller.ChessControllerTest" time="0.001"/>
  <testcase name="xAndYIncreaseCalculateEqualsN" classname="com.chess.game.controller.ChessControllerTest" time="0.002"/>
  <testcase name="yDecreaseAndXFixedCalculate" classname="com.chess.game.controller.ChessControllerTest" time="0.003"/>
  <testcase name="xDecreaseAndYIncreaseCalculateXEqualsOne" classname="com.chess.game.controller.ChessControllerTest" time="0.003"/>
  <testcase name="validationXCheck" classname="com.chess.game.controller.ChessControllerTest" time="0.002"/>
  <testcase name="xDecreaseAndYIncreaseCalculate" classname="com.chess.game.controller.ChessControllerTest" time="0.004"/>
  <testcase name="validationYCheck" classname="com.chess.game.controller.ChessControllerTest" time="0.002"/>
  <testcase name="calculateAccessiblePoint" classname="com.chess.game.controller.ChessControllerTest" time="0.005"/>
  <testcase name="xDecreaseAndYFixedCalculate" classname="com.chess.game.controller.ChessControllerTest" time="0.003"/>
</testsuite>